# JRE version: Java(TM) SE Runtime Environment (8.0_151-b12) (build 1.8.0_151-b12)
# Java VM: Java HotSpot(TM) 64-Bit Server VM (25.151-b12 mixed mode windows-amd64 compressed oops)
Heap:
 PSYoungGen      total 57344K, used 28481K [0x0000000780900000, 0x0000000787900000, 0x00000007c0000000)
  eden space 49152K, 57% used [0x0000000780900000,0x00000007824d07e0,0x0000000783900000)
  from space 8192K, 0% used [0x0000000784100000,0x0000000784100000,0x0000000784900000)
  to   space 8192K, 0% used [0x0000000783900000,0x0000000783900000,0x0000000784100000)
 ParOldGen       total 75776K, used 10691K [0x0000000701a00000, 0x0000000706400000, 0x0000000780900000)
  object space 75776K, 14% used [0x0000000701a00000,0x0000000702470ee0,0x0000000706400000)
 Metaspace       used 24541K, capacity 25676K, committed 25856K, reserved 1073152K
  class space    used 3286K, capacity 3545K, committed 3584K, reserved 1048576K
GC Heap History (6 events):
Event: 3.619 GC heap before
{Heap before GC invocations=1 (full 0):
 PSYoungGen      total 57344K, used 49152K [0x0000000780900000, 0x0000000784900000, 0x00000007c0000000)
  eden space 49152K, 100% used [0x0000000780900000,0x0000000783900000,0x0000000783900000)
  from space 8192K, 0% used [0x0000000784100000,0x0000000784100000,0x0000000784900000)
  to   space 8192K, 0% used [0x0000000783900000,0x0000000783900000,0x0000000784100000)
 ParOldGen       total 131072K, used 0K [0x0000000701a00000, 0x0000000709a00000, 0x0000000780900000)
  object space 131072K, 0% used [0x0000000701a00000,0x0000000701a00000,0x0000000709a00000)
 Metaspace       used 18452K, capacity 19430K, committed 19584K, reserved 1067008K
  class space    used 2628K, capacity 2855K, committed 2944K, reserved 1048576K
Event: 3.631 GC heap after
Heap after GC invocations=1 (full 0):
 PSYoungGen      total 57344K, used 7670K [0x0000000780900000, 0x0000000784900000, 0x00000007c0000000)
  eden space 49152K, 0% used [0x0000000780900000,0x0000000780900000,0x0000000783900000)
  from space 8192K, 93% used [0x0000000783900000,0x000000078407db28,0x0000000784100000)
  to   space 8192K, 0% used [0x0000000784100000,0x0000000784100000,0x0000000784900000)
 ParOldGen       total 131072K, used 4184K [0x0000000701a00000, 0x0000000709a00000, 0x0000000780900000)
  object space 131072K, 3% used [0x0000000701a00000,0x0000000701e16030,0x0000000709a00000)
 Metaspace       used 18452K, capacity 19430K, committed 19584K, reserved 1067008K
  class space    used 2628K, capacity 2855K, committed 2944K, reserved 1048576K
}
Event: 3.750 GC heap before
{Heap before GC invocations=2 (full 0):
 PSYoungGen      total 57344K, used 12277K [0x0000000780900000, 0x0000000784900000, 0x00000007c0000000)
  eden space 49152K, 9% used [0x0000000780900000,0x0000000780d7fb40,0x0000000783900000)
  from space 8192K, 93% used [0x0000000783900000,0x000000078407db28,0x0000000784100000)
  to   space 8192K, 0% used [0x0000000784100000,0x0000000784100000,0x0000000784900000)
 ParOldGen       total 131072K, used 4184K [0x0000000701a00000, 0x0000000709a00000, 0x0000000780900000)
  object space 131072K, 3% used [0x0000000701a00000,0x0000000701e16030,0x0000000709a00000)
 Metaspace       used 20228K, capacity 21162K, committed 21248K, reserved 1067008K
  class space    used 2812K, capacity 3027K, committed 3072K, reserved 1048576K
Event: 3.760 GC heap after
Heap after GC invocations=2 (full 0):
 PSYoungGen      total 57344K, used 8174K [0x0000000780900000, 0x0000000787900000, 0x00000007c0000000)
  eden space 49152K, 0% used [0x0000000780900000,0x0000000780900000,0x0000000783900000)
  from space 8192K, 99% used [0x0000000784100000,0x00000007848fb8d0,0x0000000784900000)
  to   space 8192K, 0% used [0x0000000783900000,0x0000000783900000,0x0000000784100000)
 ParOldGen       total 131072K, used 4723K [0x0000000701a00000, 0x0000000709a00000, 0x0000000780900000)
  object space 131072K, 3% used [0x0000000701a00000,0x0000000701e9cf48,0x0000000709a00000)
 Metaspace       used 20228K, capacity 21162K, committed 21248K, reserved 1067008K
  class space    used 2812K, capacity 3027K, committed 3072K, reserved 1048576K
}
Event: 3.760 GC heap before
{Heap before GC invocations=3 (full 1):
 PSYoungGen      total 57344K, used 8174K [0x0000000780900000, 0x0000000787900000, 0x00000007c0000000)
  eden space 49152K, 0% used [0x0000000780900000,0x0000000780900000,0x0000000783900000)
  from space 8192K, 99% used [0x0000000784100000,0x00000007848fb8d0,0x0000000784900000)
  to   space 8192K, 0% used [0x0000000783900000,0x0000000783900000,0x0000000784100000)
 ParOldGen       total 131072K, used 4723K [0x0000000701a00000, 0x0000000709a00000, 0x0000000780900000)
  object space 131072K, 3% used [0x0000000701a00000,0x0000000701e9cf48,0x0000000709a00000)
 Metaspace       used 20228K, capacity 21162K, committed 21248K, reserved 1067008K
  class space    used 2812K, capacity 3027K, committed 3072K, reserved 1048576K
Event: 3.799 GC heap after
Heap after GC invocations=3 (full 1):
 PSYoungGen      total 57344K, used 0K [0x0000000780900000, 0x0000000787900000, 0x00000007c0000000)
  eden space 49152K, 0% used [0x0000000780900000,0x0000000780900000,0x0000000783900000)
  from space 8192K, 0% used [0x0000000784100000,0x0000000784100000,0x0000000784900000)
  to   space 8192K, 0% used [0x0000000783900000,0x0000000783900000,0x0000000784100000)
 ParOldGen       total 75776K, used 10691K [0x0000000701a00000, 0x0000000706400000, 0x0000000780900000)
  object space 75776K, 14% used [0x0000000701a00000,0x0000000702470ee0,0x0000000706400000)
 Metaspace       used 20228K, capacity 21162K, committed 21248K, reserved 1067008K
  class space    used 2812K, capacity 3027K, committed 3072K, reserved 1048576K
}

